make all --print-data-base --no-builtin-variables --no-builtin-rules --question
# GNU Make 4.2.1
# Built for x86_64-pc-linux-gnu
# Copyright (C) 1988-2016 Free Software Foundation, Inc.
# License GPLv3+: GNU GPL version 3 or later <http://gnu.org/licenses/gpl.html>
# This is free software: you are free to change and redistribute it.
# There is NO WARRANTY, to the extent permitted by law.
 

# Make data base, printed on Thu Sep  1 22:03:22 2022

# Variables

# automatic
<D = $(patsubst %/,%,$(dir $<))
# automatic
?F = $(notdir $?)
# makefile (from 'Makefile', line 19)
LIN_CMD = src/lin_move.c
# environment
DESKTOP_SESSION = cinnamon
# makefile (from 'Makefile', line 21)
L_CMD_O = src/lin_move.o
# default
.SHELLFLAGS := -c
# makefile (from 'Makefile', line 20)
M_CMD_O = src/move.o
# environment
XDG_SESSION_CLASS = user
# makefile (from 'Makefile', line 4)
SRC = main.c map_checks.c map_save.c init.c map_utils.c print.c rules.c utils.c open_window.c minimap.c raycast.c events.c bresenham.c
# environment
XDG_SESSION_TYPE = x11
# environment
GTK3_MODULES = xapp-gtk3-module
# automatic
?D = $(patsubst %/,%,$(dir $?))
# makefile (from 'Makefile', line 24)
OPTS = -Iinclude
# automatic
@D = $(patsubst %/,%,$(dir $@))
# environment
XAUTHORITY = /home/davide/.Xauthority
# environment
GDMSESSION = cinnamon
# default
MAKE_VERSION := 4.2.1
# makefile
CURDIR := /home/davide/Documenti/Codici/42/cub3d
# makefile
SHELL = /bin/sh
# makefile (from 'Makefile', line 27)
MLX_LIN = ./include/mlx_linux/libmlx.a
# environment
GDM_LANG = it
# environment
VSCODE_NLS_CONFIG = {"locale":"it","availableLanguages":{"*":"it"},"_languagePackId":"712a61babeaf7b66367c01733516ce6a.it","_translationsConfigFile":"/home/davide/.config/Code/clp/712a61babeaf7b66367c01733516ce6a.it/tcf.json","_cacheRoot":"/home/davide/.config/Code/clp/712a61babeaf7b66367c01733516ce6a.it","_resolvedLanguagePackCoreLocation":"/home/davide/.config/Code/clp/712a61babeaf7b66367c01733516ce6a.it/e4503b30fc78200f846c62cf8091b76ff5547662","_corruptedFile":"/home/davide/.config/Code/clp/712a61babeaf7b66367c01733516ce6a.it/corrupted.info","_languagePackSupport":true}
# makefile (from 'Makefile', line 25)
MLX = ./include/mlx/libmlx.a
# environment
_ = /usr/share/code/code
# environment
XDG_CONFIG_DIRS = /etc/xdg/xdg-cinnamon:/etc/xdg
# environment
GTK_OVERLAY_SCROLLING = 1
# makefile (from 'Makefile', line 1)
MAKEFILE_LIST :=  Makefile
# automatic
@F = $(notdir $@)
# environment
GIO_LAUNCHED_DESKTOP_FILE = /usr/share/applications/code.desktop
# 'override' directive
GNUMAKEFLAGS := 
# makefile (from 'Makefile', line 28)
LIN_OPT = -Linclude/mlx_linux -lmlx_Linux -L/usr/lib -Imlx_linux -lXext -lX11 -lm -lz
# environment
MANDATORY_PATH = /usr/share/gconf/cinnamon.mandatory.path
# environment
XDG_DATA_DIRS = /usr/share/cinnamon:/usr/share/gnome:/home/davide/.local/share/flatpak/exports/share:/var/lib/flatpak/exports/share:/usr/local/share:/usr/share
# environment
DBUS_SESSION_BUS_ADDRESS = unix:path=/run/user/1000/bus
# makefile (from 'Makefile', line 22)
OBJS = ${SRCS:.c=.o}
# environment
LESSOPEN = | /usr/bin/lesspipe %s
# environment
VSCODE_CWD = /home/davide
# environment
XDG_SESSION_PATH = /org/freedesktop/DisplayManager/Session0
# default
MAKE_HOST := x86_64-pc-linux-gnu
# environment
PATH = /home/davide/.local/bin:/home/davide/.local/bin:/usr/local/sbin:/usr/local/bin:/usr/sbin:/usr/bin:/sbin:/bin:/usr/games:/usr/local/games
# environment
GPG_AGENT_INFO = /run/user/1000/gnupg/S.gpg-agent:0:1
# environment
PG_OF_PATH = /home/davide/Programmi/OpenFrameworks/of_v0.11.2_linux64gcc6_release
# environment
SESSION_MANAGER = local/ThinkPad-E550:@/tmp/.ICE-unix/1393,unix/ThinkPad-E550:/tmp/.ICE-unix/1393
# environment
XDG_RUNTIME_DIR = /run/user/1000
# environment
ELECTRON_RUN_AS_NODE = 1
# default
.FEATURES := target-specific order-only second-expansion else-if shortest-stem undefine oneshell archives jobserver output-sync check-symlink load
# environment
XDG_GREETER_DATA_DIR = /var/lib/lightdm-data/davide
# environment
LS_COLORS = 
# environment
INSIDE_NEMO_PYTHON = 
# environment
XDG_SESSION_DESKTOP = cinnamon
# environment
SSH_AUTH_SOCK = /tmp/ssh-KVgwY2BFGC21/agent.1393
# environment
GIO_LAUNCHED_DESKTOP_FILE_PID = 4262
# automatic
%F = $(notdir $%)
# environment
DISPLAY = :0
# makefile (from 'Makefile', line 26)
MLX_OPT = -lmlx -framework OpenGL -framework AppKit
# environment
PWD = /home/davide/Documenti/Codici/42/cub3d
# environment
QT_QPA_PLATFORMTHEME = qt5ct
# default
.LOADED := 
# environment
XDG_SEAT = seat0
# environment
SSH_AGENT_PID = 1463
# environment
ORIGINAL_XDG_CURRENT_DESKTOP = X-Cinnamon
# environment
GTK_MODULES = gail:atk-bridge
# environment
VSCODE_AMD_ENTRYPOINT = vs/workbench/api/node/extensionHostProcess
# environment
HOME = /home/davide
# environment
LESSCLOSE = /usr/bin/lesspipe %s %s
# environment
VSCODE_CODE_CACHE_PATH = /home/davide/.config/Code/CachedData/e4503b30fc78200f846c62cf8091b76ff5547662
# environment
LOGNAME = davide
# environment
APPLICATION_INSIGHTS_NO_DIAGNOSTIC_CHANNEL = true
# environment
VSCODE_HANDLES_UNCAUGHT_ERRORS = true
# environment
GNOME_DESKTOP_SESSION_ID = this-is-deprecated
# automatic
^D = $(patsubst %/,%,$(dir $^))
# environment
XDG_VTNR = 7
# environment
MAKELEVEL := 0
# default
MAKE = $(MAKE_COMMAND)
# default
MAKECMDGOALS := all
# makefile (from 'Makefile', line 17)
SRCS = ${addprefix src/, $(SRC)}
# environment
SHLVL = 0
# makefile (from 'Makefile', line 23)
LIBFT = ./include/libft/libft.a
# makefile (from 'Makefile', line 2)
CC = gcc
# environment
XDG_SESSION_ID = c2
# environment
USER = davide
# makefile
.DEFAULT_GOAL := all
# environment
XDG_CURRENT_DESKTOP = X-Cinnamon
# environment
LIBVIRT_DEFAULT_URI = qemu:///system
# automatic
%D = $(patsubst %/,%,$(dir $%))
# makefile (from 'Makefile', line 18)
MAC_CMD = src/move.c
# default
MAKE_COMMAND := make
# default
.VARIABLES := 
# automatic
*F = $(notdir $*)
# environment
LANGUAGE = it
# environment
XDG_SEAT_PATH = /org/freedesktop/DisplayManager/Seat0
# environment
VSCODE_IPC_HOOK = /run/user/1000/vscode-c5f300b3-1.70.2-main.sock
# makefile
MAKEFLAGS = pqrR
# environment
MFLAGS = -pqrR
# automatic
*D = $(patsubst %/,%,$(dir $*))
# automatic
+D = $(patsubst %/,%,$(dir $+))
# environment
GDK_BACKEND = x11
# automatic
+F = $(notdir $+)
# environment
QT_ACCESSIBILITY = 1
# environment
DEFAULTS_PATH = /usr/share/gconf/cinnamon.default.path
# default
MAKEFILES := 
# automatic
<F = $(notdir $<)
# environment
LC_ALL = C
# automatic
^F = $(notdir $^)
# default
SUFFIXES := 
# makefile (from 'Makefile', line 3)
FLAGS = -Wall -Werror -Wextra -g
# environment
CHROME_DESKTOP = code-url-handler.desktop
# default
.INCLUDE_DIRS = /usr/include /usr/local/include /usr/include
# makefile (from 'Makefile', line 1)
NAME = cub3d
# default
.RECIPEPREFIX := 
# environment
LANG = C
# environment
 
VSCODE_PID = 4262
# variable set hash-table stats:
# Load=112/1024=11%, Rehash=0, Collisions=18/153=12%

# Pattern-specific Variable Values

# No pattern-specific variable values.

# Directories

# . (device 2049, inode 17317889): 11 files, no impossibilities.
# src (device 2049, inode 17317914): 28 files, no impossibilities so far.

# 39 files, no impossibilities in 2 directories.

# Implicit Rules

%.o: %.c
#  recipe to execute (from 'Makefile', line 36):
	$(CC) $(FLAGS) -c $< -o $@ $(OPTS)

# 1 implicit rules, 0 (0.0%) terminal.

# Files

# Not a target:
src/bresenham.c:
#  Implicit rule search has been done.
#  Last modified 2022-09-01 21:36:52.880279125
#  File has been updated.
#  Successfully updated.

src/open_window.o: src/open_window.c
#  Implicit rule search has been done.
#  Implicit/static pattern stem: 'src/open_window'
#  Last modified 2022-09-01 21:55:37.991367334
#  File has been updated.
#  Successfully updated.
#  recipe to execute (from 'Makefile', line 36):
	$(CC) $(FLAGS) -c $< -o $@ $(OPTS)

src/raycast.o: src/raycast.c
#  Implicit rule search has been done.
#  Implicit/static pattern stem: 'src/raycast'
#  Last modified 2022-09-01 21:55:38.139366927
#  File has been updated.
#  Successfully updated.
#  recipe to execute (from 'Makefile', line 36):
	$(CC) $(FLAGS) -c $< -o $@ $(OPTS)

src/move.o: src/move.c
#  Implicit rule search has been done.
#  Implicit/static pattern stem: 'src/move'
#  Last modified 2022-09-01 21:55:38.183366806
#  File has been updated.
#  Successfully updated.
#  recipe to execute (from 'Makefile', line 36):
	$(CC) $(FLAGS) -c $< -o $@ $(OPTS)

all: cub3d
#  Phony target (prerequisite of .PHONY).
#  Command line target.
#  Implicit rule search has not been done.
#  File does not exist.
#  File has been updated.
#  Successfully updated.

lin: include/libft/libft.a include/mlx_linux/libmlx.a src/main.o src/map_checks.o src/map_save.o src/init.o src/map_utils.o src/print.o src/rules.o src/utils.o src/open_window.o src/minimap.o src/raycast.o src/events.o src/bresenham.o src/lin_move.o
#  Implicit rule search has not been done.
#  Modification time never checked.
#  File has not been updated.
#  recipe to execute (from 'Makefile', line 39):
	$(CC) $(FLAGS) $(OBJS) $(L_CMD_O) $(LIBFT) $(MLX_LIN) $(LIN_OPT) -o $(NAME)

src/map_checks.o: src/map_checks.c
#  Implicit rule search has been done.
#  Implicit/static pattern stem: 'src/map_checks'
#  Last modified 2022-09-01 21:55:37.507368665
#  File has been updated.
#  Successfully updated.
#  recipe to execute (from 'Makefile', line 36):
	$(CC) $(FLAGS) -c $< -o $@ $(OPTS)

.PHONY: all clean fclean re
#  Implicit rule search has not been done.
#  Modification time never checked.
#  File has not been updated.

src/main.o: src/main.c
#  Implicit rule search has been done.
#  Implicit/static pattern stem: 'src/main'
#  Last modified 2022-09-01 21:55:37.439368852
#  File has been updated.
#  Successfully updated.
#  recipe to execute (from 'Makefile', line 36):
	$(CC) $(FLAGS) -c $< -o $@ $(OPTS)

cub3d: include/libft/libft.a src/main.o src/map_checks.o src/map_save.o src/init.o src/map_utils.o src/print.o src/rules.o src/utils.o src/open_window.o src/minimap.o src/raycast.o src/events.o src/bresenham.o src/move.o
#  Implicit rule search has not been done.
#  Last modified 2022-09-01 21:59:16.446662267
#  File has been updated.
#  Successfully updated.
#  recipe to execute (from 'Makefile', line 33):
	$(CC) $(FLAGS) $(MLX_OPT) $(LIBFT) $(OBJS) $(M_CMD_O) -o $(NAME) $(OPTS)

src/minimap.o: src/minimap.c
#  Implicit rule search has been done.
#  Implicit/static pattern stem: 'src/minimap'
#  Last modified 2022-09-01 21:55:38.059367147
#  File has been updated.
#  Successfully updated.
#  recipe to execute (from 'Makefile', line 36):
	$(CC) $(FLAGS) -c $< -o $@ $(OPTS)

# Not a target:
Makefile:
#  Implicit rule search has been done.
#  Last modified 2022-09-01 22:02:46.769866699
 
#  File has been updated.
#  Successfully updated.

# Not a target:
src/utils.c:
#  Implicit rule search has been done.
#  Last modified 2022-09-01 21:36:52.880279125
#  File has been updated.
#  Successfully updated.

src/utils.o: src/utils.c
#  Implicit rule search has been done.
#  Implicit/static pattern stem: 'src/utils'
#  Last modified 2022-09-01 21:55:37.875367654
#  File has been updated.
#  Successfully updated.
#  recipe to execute (from 'Makefile', line 36):
	$(CC) $(FLAGS) -c $< -o $@ $(OPTS)

src/rules.o: src/rules.c
#  Implicit rule search has been done.
#  Implicit/static pattern stem: 'src/rules'
#  Last modified 2022-09-01 21:55:37.831367774
#  File has been updated.
#  Successfully updated.
#  recipe to execute (from 'Makefile', line 36):
	$(CC) $(FLAGS) -c $< -o $@ $(OPTS)

# Not a target:
src/open_window.c:
#  Implicit rule search has been done.
#  Last modified 2022-09-01 21:36:52.880279125
#  File has been updated.
#  Successfully updated.

# Not a target:
src/raycast.c:
#  Implicit rule search has been done.
#  Last modified 2022-09-01 21:46:58.473229933
#  File has been updated.
#  Successfully updated.

src/map_utils.o: src/map_utils.c
#  Implicit rule search has been done.
#  Implicit/static pattern stem: 'src/map_utils'
#  Last modified 2022-09-01 21:55:37.723368072
#  File has been updated.
#  Successfully updated.
#  recipe to execute (from 'Makefile', line 36):
	$(CC) $(FLAGS) -c $< -o $@ $(OPTS)

# Not a target:
src/move.c:
#  Implicit rule search has been done.
#  Last modified 2022-09-01 21:36:52.880279125
#  File has been updated.
#  Successfully updated.

# Not a target:
src/lin_move.o:
#  Implicit rule search has not been done.
#  Modification time never checked.
#  File has not been updated.

include/mlx_linux/libmlx.a:
#  Implicit rule search has not been done.
#  Modification time never checked.
#  File has not been updated.
#  recipe to execute (from 'Makefile', line 42):
	$(MAKE) -C ./include/mlx_linux/

# Not a target:
src/map_checks.c:
#  Implicit rule search has been done.
#  Last modified 2022-09-01 21:36:52.880279125
#  File has been updated.
#  Successfully updated.

src/map_save.o: src/map_save.c
#  Implicit rule search has been done.
#  Implicit/static pattern stem: 'src/map_save'
#  Last modified 2022-09-01 21:55:37.559368522
#  File has been updated.
#  Successfully updated.
#  recipe to execute (from 'Makefile', line 36):
	$(CC) $(FLAGS) -c $< -o $@ $(OPTS)

fclean: clean
#  Phony target (prerequisite of .PHONY).
#  Implicit rule search has not been done.
#  File does not exist.
#  File has not been updated.
#  recipe to execute (from 'Makefile', line 56):
	$(MAKE) fclean -C ./include/libft
	# $(MAKE) fclean -C ./include/mlx
	rm -f $(NAME)

# Not a target:
src/main.c:
#  Implicit rule search has been done.
#  Last modified 2022-09-01 21:36:52.880279125
#  File has been updated.
#  Successfully updated.

src/events.o: src/events.c
 
#  Implicit rule search has been done.
#  Implicit/static pattern stem: 'src/events'
#  Last modified 2022-09-01 21:55:37.939367478
#  File has been updated.
#  Successfully updated.
#  recipe to execute (from 'Makefile', line 36):
	$(CC) $(FLAGS) -c $< -o $@ $(OPTS)

src/init.o: src/init.c
#  Implicit rule search has been done.
#  Implicit/static pattern stem: 'src/init'
#  Last modified 2022-09-01 21:55:37.639368303
#  File has been updated.
#  Successfully updated.
#  recipe to execute (from 'Makefile', line 36):
	$(CC) $(FLAGS) -c $< -o $@ $(OPTS)

# Not a target:
.DEFAULT:
#  Implicit rule search has not been done.
#  Modification time never checked.
#  File has not been updated.

# Not a target:
src/minimap.c:
#  Implicit rule search has been done.
#  Last modified 2022-09-01 21:36:52.880279125
#  File has been updated.
#  Successfully updated.

include/libft/libft.a:
#  Implicit rule search has not been done.
#  Last modified 2022-09-01 21:55:37.379369017
#  File has been updated.
#  Successfully updated.
#  recipe to execute (from 'Makefile', line 45):
	$(MAKE) -C ./include/libft

src/print.o: src/print.c
#  Implicit rule search has been done.
#  Implicit/static pattern stem: 'src/print'
#  Last modified 2022-09-01 21:55:37.775367928
#  File has been updated.
#  Successfully updated.
#  recipe to execute (from 'Makefile', line 36):
	$(CC) $(FLAGS) -c $< -o $@ $(OPTS)

re: fclean all
#  Phony target (prerequisite of .PHONY).
#  Implicit rule search has not been done.
#  File does not exist.
#  File has not been updated.

src/bresenham.o: src/bresenham.c
#  Implicit rule search has been done.
#  Implicit/static pattern stem: 'src/bresenham'
#  Last modified 2022-09-01 21:55:38.247366629
#  File has been updated.
#  Successfully updated.
#  recipe to execute (from 'Makefile', line 36):
	$(CC) $(FLAGS) -c $< -o $@ $(OPTS)

clean:
#  Phony target (prerequisite of .PHONY).
#  Implicit rule search has not been done.
#  File does not exist.
#  File has not been updated.
#  recipe to execute (from 'Makefile', line 51):
	$(MAKE) clean -C ./include/libft
	# $(MAKE) clean -C ./include/mlx
	rm -f $(OBJS)

# Not a target:
src/rules.c:
#  Implicit rule search has been done.
#  Last modified 2022-09-01 21:36:52.880279125
#  File has been updated.
#  Successfully updated.

# Not a target:
src/map_utils.c:
#  Implicit rule search has been done.
#  Last modified 2022-09-01 21:36:52.880279125
#  File has been updated.
#  Successfully updated.

include/mlx/libmlx.a:
#  Implicit rule search has not been done.
#  Modification time never checked.
#  File has not been updated.
#  recipe to execute (from 'Makefile', line 48):
	$(MAKE) -C ./include/mlx

# Not a target:
src/map_save.c:
#  Implicit rule search has been done.
#  Last modified 2022-09-01 21:36:52.880279125
#  File has been updated.
#  Successfully updated.

# Not a target:
src/events.c:
#  Implicit rule search has been done.
#  Last modified 2022-09-01 21:36:52.880279125
#  File has been updated.
#  Successfully updated.

 
# Not a target:
src/init.c:
#  Implicit rule search has been done.
#  Last modified 2022-09-01 21:36:52.880279125
#  File has been updated.
#  Successfully updated.

# Not a target:
src/print.c:
#  Implicit rule search has been done.
#  Last modified 2022-09-01 21:36:52.880279125
#  File has been updated.
#  Successfully updated.

# files hash-table stats:
# Load=42/1024=4%, Rehash=0, Collisions=8/137=6%
# VPATH Search Paths

# No 'vpath' search paths.

# No general ('VPATH' variable) search path.

# strcache buffers: 1 (0) / strings = 94 / storage = 1032 B / avg = 10 B
# current buf: size = 8162 B / used = 1032 B / count = 94 / avg = 10 B

# strcache performance: lookups = 152 / hit rate = 38%
# hash-table stats:
# Load=94/8192=1%, Rehash=0, Collisions=2/152=1%
# Finished Make data base on Thu Sep  1 22:03:22 2022

 
